c:\users\jean-philippe\documents\visual studio 2015\projects\gameproject\gameproject\debug\vc140.pdb
c:\users\jean-philippe\documents\visual studio 2015\projects\gameproject\gameproject\debug\vc140.idb
c:\users\jean-philippe\documents\visual studio 2015\projects\gameproject\gameproject\debug\model2dclass.obj
c:\users\jean-philippe\documents\visual studio 2015\projects\gameproject\gameproject\debug\cameraclass.obj
c:\users\jean-philippe\documents\visual studio 2015\projects\gameproject\gameproject\debug\colorshaderclass.obj
c:\users\jean-philippe\documents\visual studio 2015\projects\gameproject\gameproject\debug\d3dclass.obj
c:\users\jean-philippe\documents\visual studio 2015\projects\gameproject\gameproject\debug\graphicsclass.obj
c:\users\jean-philippe\documents\visual studio 2015\projects\gameproject\gameproject\debug\main.obj
c:\users\jean-philippe\documents\visual studio 2015\projects\gameproject\gameproject\debug\objectclass.obj
c:\users\jean-philippe\documents\visual studio 2015\projects\gameproject\gameproject\debug\systemclass.obj
c:\users\jean-philippe\documents\visual studio 2015\projects\gameproject\gameproject\debug\textureclass.obj
c:\users\jean-philippe\documents\visual studio 2015\projects\gameproject\gameproject\debug\textureshaderclass.obj
c:\users\jean-philippe\documents\visual studio 2015\projects\gameproject\gameproject\debug\world.obj
c:\users\jean-philippe\documents\visual studio 2015\projects\gameproject\debug\gameproject.ilk
c:\users\jean-philippe\documents\visual studio 2015\projects\gameproject\debug\gameproject.exe
c:\users\jean-philippe\documents\visual studio 2015\projects\gameproject\debug\gameproject.pdb
c:\users\jean-philippe\documents\visual studio 2015\projects\gameproject\gameproject\debug\gameproject.res
c:\users\jean-philippe\documents\visual studio 2015\projects\gameproject\gameproject\debug\gameproject.tlog\cl.command.1.tlog
c:\users\jean-philippe\documents\visual studio 2015\projects\gameproject\gameproject\debug\gameproject.tlog\cl.read.1.tlog
c:\users\jean-philippe\documents\visual studio 2015\projects\gameproject\gameproject\debug\gameproject.tlog\cl.write.1.tlog
c:\users\jean-philippe\documents\visual studio 2015\projects\gameproject\gameproject\debug\gameproject.tlog\link.command.1.tlog
c:\users\jean-philippe\documents\visual studio 2015\projects\gameproject\gameproject\debug\gameproject.tlog\link.read.1.tlog
c:\users\jean-philippe\documents\visual studio 2015\projects\gameproject\gameproject\debug\gameproject.tlog\link.write.1.tlog
c:\users\jean-philippe\documents\visual studio 2015\projects\gameproject\gameproject\debug\gameproject.tlog\rc.command.1.tlog
c:\users\jean-philippe\documents\visual studio 2015\projects\gameproject\gameproject\debug\gameproject.tlog\rc.read.1.tlog
c:\users\jean-philippe\documents\visual studio 2015\projects\gameproject\gameproject\debug\gameproject.tlog\rc.write.1.tlog
