c:\users\jean-philippe\documents\visual studio 2015\projects\gameproject\gameproject\x64\debug\vc140.pdb
c:\users\jean-philippe\documents\visual studio 2015\projects\gameproject\gameproject\x64\debug\vc140.idb
c:\users\jean-philippe\documents\visual studio 2015\projects\gameproject\gameproject\x64\debug\cameraclass.obj
c:\users\jean-philippe\documents\visual studio 2015\projects\gameproject\gameproject\x64\debug\colorshaderclass.obj
c:\users\jean-philippe\documents\visual studio 2015\projects\gameproject\gameproject\x64\debug\d3dclass.obj
c:\users\jean-philippe\documents\visual studio 2015\projects\gameproject\gameproject\x64\debug\graphicsclass.obj
c:\users\jean-philippe\documents\visual studio 2015\projects\gameproject\gameproject\x64\debug\inputclass.obj
c:\users\jean-philippe\documents\visual studio 2015\projects\gameproject\gameproject\x64\debug\main.obj
c:\users\jean-philippe\documents\visual studio 2015\projects\gameproject\gameproject\x64\debug\modelclass.obj
c:\users\jean-philippe\documents\visual studio 2015\projects\gameproject\gameproject\x64\debug\systemclass.obj
c:\users\jean-philippe\documents\visual studio 2015\projects\gameproject\gameproject\x64\debug\textureclass.obj
c:\users\jean-philippe\documents\visual studio 2015\projects\gameproject\gameproject\x64\debug\textureshaderclass.obj
c:\users\jean-philippe\documents\visual studio 2015\projects\gameproject\x64\debug\gameproject.ilk
c:\users\jean-philippe\documents\visual studio 2015\projects\gameproject\x64\debug\gameproject.exe
c:\users\jean-philippe\documents\visual studio 2015\projects\gameproject\x64\debug\gameproject.pdb
c:\users\jean-philippe\documents\visual studio 2015\projects\gameproject\gameproject\x64\debug\gameproject.tlog\cl.command.1.tlog
c:\users\jean-philippe\documents\visual studio 2015\projects\gameproject\gameproject\x64\debug\gameproject.tlog\cl.read.1.tlog
c:\users\jean-philippe\documents\visual studio 2015\projects\gameproject\gameproject\x64\debug\gameproject.tlog\cl.write.1.tlog
c:\users\jean-philippe\documents\visual studio 2015\projects\gameproject\gameproject\x64\debug\gameproject.tlog\link.command.1.tlog
c:\users\jean-philippe\documents\visual studio 2015\projects\gameproject\gameproject\x64\debug\gameproject.tlog\link.read.1.tlog
c:\users\jean-philippe\documents\visual studio 2015\projects\gameproject\gameproject\x64\debug\gameproject.tlog\link.write.1.tlog
